[35m[1mScanning dependencies of target image_viewer_node[0m
[ 50%] [32mBuilding CXX object CMakeFiles/image_viewer_node.dir/src/image_viewer_node.cpp.o[0m
[01m[K/home/vlad/ros2_ws/image_vis/src/image_viewer_node.cpp:[m[K In function â€˜[01m[Kvoid drawRandomCarSquare(cv::Mat&)[m[Kâ€™:
[01m[K/home/vlad/ros2_ws/image_vis/src/image_viewer_node.cpp:56:5:[m[K [01;31m[Kerror: [m[Kâ€˜[01m[Kcolor[m[Kâ€™ was not declared in this scope
   56 |     [01;31m[Kcolor[m[K = cv::Scalar(0, 255, 0);
      |     [01;31m[K^~~~~[m[K
[01m[K/home/vlad/ros2_ws/image_vis/src/image_viewer_node.cpp:64:5:[m[K [01;31m[Kerror: [m[Kâ€˜[01m[Kx[m[Kâ€™ was not declared in this scope
   64 |     [01;31m[Kx[m[K = dis_x(gen);
      |     [01;31m[K^[m[K
[01m[K/home/vlad/ros2_ws/image_vis/src/image_viewer_node.cpp:65:5:[m[K [01;31m[Kerror: [m[Kâ€˜[01m[Ky[m[Kâ€™ was not declared in this scope; did you mean â€˜[01m[Kyn[m[Kâ€™?
   65 |     [01;31m[Ky[m[K = dis_y(gen);
      |     [01;31m[K^[m[K
      |     [32m[Kyn[m[K
make[2]: *** [CMakeFiles/image_viewer_node.dir/build.make:63: CMakeFiles/image_viewer_node.dir/src/image_viewer_node.cpp.o] ÐžÑˆÐ¸Ð±ÐºÐ° 1
make[1]: *** [CMakeFiles/Makefile2:78: CMakeFiles/image_viewer_node.dir/all] ÐžÑˆÐ¸Ð±ÐºÐ° 2
make: *** [Makefile:141: all] ÐžÑˆÐ¸Ð±ÐºÐ° 2
